<?xml version="1.0" encoding="UTF-8"?>
<!-- Generated by org.testng.reporters.JUnitReportReporter -->
<testsuite skipped="0" hostname="Fatemas-MacBook-Pro.local" name="alert.PopUp" tests="1" failures="0" timestamp="15 Nov 2017 03:04:43 GMT" time="14.170" errors="0">
  <testcase name="testPopUp" time="14.170" classname="alert.PopUp"/>
</testsuite> <!-- alert.PopUp -->
