<?xml version="1.0" encoding="UTF-8"?>
<!-- Generated by org.testng.reporters.JUnitReportReporter -->
<testsuite skipped="0" hostname="Fatemas-MacBook-Pro.local" name="alert.PopUp" tests="1" failures="0" timestamp="02 Dec 2017 17:23:35 GMT" time="25.841" errors="0">
  <testcase name="testPopUp" time="25.841" classname="alert.PopUp"/>
</testsuite> <!-- alert.PopUp -->
